??:??:?? **** Incremental Build of configuration Debug for project HMI ****
make all 
Building file: ../HMI.c
Invoking: AVR Compiler
avr-gcc -Wall -g2 -gstabs -O0 -fpack-struct -fshort-enums -ffunction-sections -fdata-sections -std=gnu99 -funsigned-char -funsigned-bitfields -mmcu=atmega16 -DF_CPU=8000000UL -MMD -MP -MF"HMI.d" -MT"HMI.o" -c -o "HMI.o" "../HMI.c"
In file included from ../micro_config.h:22,
                 from ../lcd.h:18,
                 from ../HMI.c:8:
c:/winavr-20100110/lib/gcc/../../avr/include/util/delay.h:90:3: warning: #warning "Compiler optimizations disabled; functions from <util/delay.h> won't work as designed"
Finished building: ../HMI.c
 
Building target: HMI.elf
Invoking: AVR C Linker
avr-gcc -Wl,-Map,HMI.map -mmcu=atmega16 -o "HMI.elf"  ./HMI.o ./keypad.o ./lcd.o ./timer_driver.o ./uart_driver.o   
Finished building target: HMI.elf
 
Invoking: AVR Create Extended Listing
avr-objdump -h -S HMI.elf  >"HMI.lss"
Finished building: HMI.lss
 
Invoking: Print Size
avr-size --format=avr --mcu=atmega16 HMI.elf
AVR Memory Usage
----------------
Device: atmega16

Program:   10440 bytes (63.7% Full)
(.text + .data + .bootloader)

Data:        285 bytes (27.8% Full)
(.data + .bss + .noinit)


Finished building: sizedummy
 

??:??:?? Build Finished. 0 errors, 1 warnings. (took 2s.681ms)

